TN:
SF:/home/bhaumik/Desktop/todo/Hackerbay/app.js
FNF:0
FNH:0
DA:1,1
DA:3,1
DA:4,1
DA:5,1
DA:6,1
DA:7,1
DA:9,1
DA:10,1
DA:12,1
DA:14,1
DA:17,1
DA:20,1
DA:23,1
DA:24,1
DA:25,1
DA:26,1
DA:27,1
LF:17
LH:17
BRF:0
BRH:0
end_of_record
TN:
SF:/home/bhaumik/Desktop/todo/Hackerbay/api/routes/auth.js
FNF:0
FNH:0
DA:1,1
DA:3,1
DA:5,1
DA:8,1
DA:10,1
LF:5
LH:5
BRF:0
BRH:0
end_of_record
TN:
SF:/home/bhaumik/Desktop/todo/Hackerbay/api/controllers/auth.js
FNF:0
FNH:0
DA:2,1
DA:4,1
DA:5,2
DA:6,2
DA:8,2
DA:10,1
DA:13,1
LF:7
LH:7
BRDA:8,1,0,1
BRDA:8,1,1,1
BRDA:8,2,0,2
BRDA:8,2,1,1
BRF:4
BRH:4
end_of_record
TN:
SF:/home/bhaumik/Desktop/todo/Hackerbay/api/routes/service.js
FNF:0
FNH:0
DA:1,1
DA:3,1
DA:5,1
DA:6,1
DA:8,1
DA:9,1
DA:10,1
LF:7
LH:7
BRF:0
BRH:0
end_of_record
TN:
SF:/home/bhaumik/Desktop/todo/Hackerbay/api/middleware/verifytoken.js
FNF:0
FNH:0
DA:2,1
DA:4,1
DA:6,8
DA:7,8
DA:10,8
DA:11,8
DA:12,2
DA:18,6
DA:19,6
DA:23,1
LF:10
LH:10
BRDA:7,1,0,0
BRDA:7,1,1,8
BRDA:11,2,0,2
BRDA:11,2,1,6
BRF:4
BRH:3
end_of_record
